  application.cpp
  renderer.cpp
C:\Users\MSI GV62-8RD\Desktop\GTR\GTR-LAB3\src\application.cpp(135,42): warning C4305: 'argumento': truncamiento de 'double' a 'float'
C:\Users\MSI GV62-8RD\Desktop\GTR\GTR-LAB3\src\application.cpp(169,50): warning C4305: 'argumento': truncamiento de 'double' a 'float'
C:\Users\MSI GV62-8RD\Desktop\GTR\GTR-LAB3\src\application.cpp(279,22): warning C4018: '<': no coinciden signed/unsigned
C:\Users\MSI GV62-8RD\Desktop\GTR\GTR-LAB3\src\application.cpp(285,22): warning C4018: '<': no coinciden signed/unsigned
C:\Users\MSI GV62-8RD\Desktop\GTR\GTR-LAB3\src\application.cpp(317,20): warning C4018: '<': no coinciden signed/unsigned
C:\Users\MSI GV62-8RD\Desktop\GTR\GTR-LAB3\src\application.cpp(348,20): warning C4018: '<': no coinciden signed/unsigned
C:\Users\MSI GV62-8RD\Desktop\GTR\GTR-LAB3\src\renderer.cpp(24,20): warning C4018: '<': no coinciden signed/unsigned
C:\Users\MSI GV62-8RD\Desktop\GTR\GTR-LAB3\src\application.cpp(384,14): warning C4244: 'inicializando': conversión de 'double' a 'float'; posible pérdida de datos
C:\Users\MSI GV62-8RD\Desktop\GTR\GTR-LAB3\src\application.cpp(385,20): warning C4244: 'inicializando': conversión de 'double' a 'float'; posible pérdida de datos
C:\Users\MSI GV62-8RD\Desktop\GTR\GTR-LAB3\src\renderer.cpp(39,80): warning C4244: 'argumento': conversión de 'double' a 'float'; posible pérdida de datos
C:\Users\MSI GV62-8RD\Desktop\GTR\GTR-LAB3\src\renderer.cpp(39,46): warning C4244: 'argumento': conversión de 'double' a 'float'; posible pérdida de datos
C:\Users\MSI GV62-8RD\Desktop\GTR\GTR-LAB3\src\application.cpp(401,55): warning C4244: 'argumento': conversión de 'double' a 'float'; posible pérdida de datos
C:\Users\MSI GV62-8RD\Desktop\GTR\GTR-LAB3\src\application.cpp(403,55): warning C4244: 'argumento': conversión de 'double' a 'float'; posible pérdida de datos
C:\Users\MSI GV62-8RD\Desktop\GTR\GTR-LAB3\src\renderer.cpp(82,62): warning C4244: 'argumento': conversión de 'int' a 'float'; posible pérdida de datos
C:\Users\MSI GV62-8RD\Desktop\GTR\GTR-LAB3\src\renderer.cpp(82,59): warning C4244: 'argumento': conversión de 'int' a 'float'; posible pérdida de datos
C:\Users\MSI GV62-8RD\Desktop\GTR\GTR-LAB3\src\renderer.cpp(82,56): warning C4244: 'argumento': conversión de 'int' a 'float'; posible pérdida de datos
C:\Users\MSI GV62-8RD\Desktop\GTR\GTR-LAB3\src\renderer.cpp(103,37): warning C4305: 'argumento': truncamiento de 'double' a 'float'
C:\Users\MSI GV62-8RD\Desktop\GTR\GTR-LAB3\src\renderer.cpp(105,22): warning C4018: '<': no coinciden signed/unsigned
C:\Users\MSI GV62-8RD\Desktop\GTR\GTR-LAB3\src\application.cpp(632,36): warning C4244: '*=': conversión de 'double' a 'float'; posible pérdida de datos
C:\Users\MSI GV62-8RD\Desktop\GTR\GTR-LAB3\src\application.cpp(634,35): warning C4244: 'argumento': conversión de 'double' a 'float'; posible pérdida de datos
C:\Users\MSI GV62-8RD\Desktop\GTR\GTR-LAB3\src\renderer.cpp(220,23): warning C4244: 'argumento': conversión de 'int' a 'float'; posible pérdida de datos
C:\Users\MSI GV62-8RD\Desktop\GTR\GTR-LAB3\src\renderer.cpp(220,20): warning C4244: 'argumento': conversión de 'int' a 'float'; posible pérdida de datos
C:\Users\MSI GV62-8RD\Desktop\GTR\GTR-LAB3\src\renderer.cpp(220,17): warning C4244: 'argumento': conversión de 'int' a 'float'; posible pérdida de datos
C:\Users\MSI GV62-8RD\Desktop\GTR\GTR-LAB3\src\renderer.cpp(223,29): warning C4244: '=': conversión de 'float' a 'int'; posible pérdida de datos
C:\Users\MSI GV62-8RD\Desktop\GTR\GTR-LAB3\src\renderer.cpp(226,47): warning C4244: 'argumento': conversión de 'int' a 'float'; posible pérdida de datos
C:\Users\MSI GV62-8RD\Desktop\GTR\GTR-LAB3\src\renderer.cpp(226,44): warning C4244: 'argumento': conversión de 'int' a 'float'; posible pérdida de datos
C:\Users\MSI GV62-8RD\Desktop\GTR\GTR-LAB3\src\renderer.cpp(226,41): warning C4244: 'argumento': conversión de 'int' a 'float'; posible pérdida de datos
C:\Users\MSI GV62-8RD\Desktop\GTR\GTR-LAB3\src\renderer.cpp(237,22): warning C4018: '<': no coinciden signed/unsigned
C:\Users\MSI GV62-8RD\Desktop\GTR\GTR-LAB3\src\renderer.cpp(239,38): warning C4305: 'argumento': truncamiento de 'double' a 'float'
C:\Users\MSI GV62-8RD\Desktop\GTR\GTR-LAB3\src\renderer.cpp(285,49): warning C4244: 'inicializando': conversión de 'float' a 'unsigned int'; posible pérdida de datos
C:\Users\MSI GV62-8RD\Desktop\GTR\GTR-LAB3\src\renderer.cpp(288,20): warning C4018: '<': no coinciden signed/unsigned
C:\Users\MSI GV62-8RD\Desktop\GTR\GTR-LAB3\src\renderer.cpp(309,12): warning C4996: 'fopen': This function or variable may be unsafe. Consider using fopen_s instead. To disable deprecation, use _CRT_SECURE_NO_WARNINGS. See online help for details.
C:\Users\MSI GV62-8RD\Desktop\GTR\GTR-LAB3\src\renderer.cpp(348,36): warning C4244: '=': conversión de 'float' a 'int'; posible pérdida de datos
C:\Users\MSI GV62-8RD\Desktop\GTR\GTR-LAB3\src\renderer.cpp(351,12): warning C4996: 'fopen': This function or variable may be unsafe. Consider using fopen_s instead. To disable deprecation, use _CRT_SECURE_NO_WARNINGS. See online help for details.
C:\Users\MSI GV62-8RD\Desktop\GTR\GTR-LAB3\src\renderer.cpp(376,92): warning C4244: 'argumento': conversión de 'double' a 'float'; posible pérdida de datos
C:\Users\MSI GV62-8RD\Desktop\GTR\GTR-LAB3\src\renderer.cpp(376,43): warning C4244: 'argumento': conversión de 'double' a 'float'; posible pérdida de datos
C:\Users\MSI GV62-8RD\Desktop\GTR\GTR-LAB3\src\renderer.cpp(392,15): warning C4244: 'inicializando': conversión de 'double' a 'float'; posible pérdida de datos
C:\Users\MSI GV62-8RD\Desktop\GTR\GTR-LAB3\src\renderer.cpp(393,13): warning C4244: 'inicializando': conversión de 'double' a 'float'; posible pérdida de datos
C:\Users\MSI GV62-8RD\Desktop\GTR\GTR-LAB3\src\renderer.cpp(394,11): warning C4244: 'inicializando': conversión de 'double' a 'float'; posible pérdida de datos
C:\Users\MSI GV62-8RD\Desktop\GTR\GTR-LAB3\src\renderer.cpp(446,92): warning C4244: 'argumento': conversión de 'double' a 'float'; posible pérdida de datos
C:\Users\MSI GV62-8RD\Desktop\GTR\GTR-LAB3\src\renderer.cpp(446,43): warning C4244: 'argumento': conversión de 'double' a 'float'; posible pérdida de datos
C:\Users\MSI GV62-8RD\Desktop\GTR\GTR-LAB3\src\renderer.cpp(462,99): warning C4244: 'argumento': conversión de 'double' a 'float'; posible pérdida de datos
C:\Users\MSI GV62-8RD\Desktop\GTR\GTR-LAB3\src\renderer.cpp(462,50): warning C4244: 'argumento': conversión de 'double' a 'float'; posible pérdida de datos
C:\Users\MSI GV62-8RD\Desktop\GTR\GTR-LAB3\src\renderer.cpp(485,33): warning C4305: 'argumento': truncamiento de 'double' a 'GLclampf'
C:\Users\MSI GV62-8RD\Desktop\GTR\GTR-LAB3\src\renderer.cpp(552,20): warning C4018: '<': no coinciden signed/unsigned
C:\Users\MSI GV62-8RD\Desktop\GTR\GTR-LAB3\src\renderer.cpp(628,20): warning C4018: '<': no coinciden signed/unsigned
C:\Users\MSI GV62-8RD\Desktop\GTR\GTR-LAB3\src\renderer.cpp(638,20): warning C4018: '<': no coinciden signed/unsigned
C:\Users\MSI GV62-8RD\Desktop\GTR\GTR-LAB3\src\renderer.cpp(644,31): warning C4305: 'inicializando': truncamiento de 'double' a 'float'
C:\Users\MSI GV62-8RD\Desktop\GTR\GTR-LAB3\src\renderer.cpp(645,52): warning C4244: 'argumento': conversión de 'int' a 'float'; posible pérdida de datos
C:\Users\MSI GV62-8RD\Desktop\GTR\GTR-LAB3\src\renderer.cpp(695,20): warning C4018: '<': no coinciden signed/unsigned
C:\Users\MSI GV62-8RD\Desktop\GTR\GTR-LAB3\src\renderer.cpp(761,20): warning C4018: '<': no coinciden signed/unsigned
C:\Users\MSI GV62-8RD\Desktop\GTR\GTR-LAB3\src\renderer.cpp(790,20): warning C4018: '<': no coinciden signed/unsigned
C:\Users\MSI GV62-8RD\Desktop\GTR\GTR-LAB3\src\renderer.cpp(932,20): warning C4018: '<': no coinciden signed/unsigned
C:\Users\MSI GV62-8RD\Desktop\GTR\GTR-LAB3\src\renderer.cpp(1023,77): warning C4244: 'argumento': conversión de 'double' a 'float'; posible pérdida de datos
C:\Users\MSI GV62-8RD\Desktop\GTR\GTR-LAB3\src\renderer.cpp(1023,43): warning C4244: 'argumento': conversión de 'double' a 'float'; posible pérdida de datos
C:\Users\MSI GV62-8RD\Desktop\GTR\GTR-LAB3\src\renderer.cpp(1031,20): warning C4018: '<': no coinciden signed/unsigned
C:\Users\MSI GV62-8RD\Desktop\GTR\GTR-LAB3\src\renderer.cpp(1145,20): warning C4018: '<': no coinciden signed/unsigned
C:\Users\MSI GV62-8RD\Desktop\GTR\GTR-LAB3\src\renderer.cpp(1178,20): warning C4018: '<': no coinciden signed/unsigned
C:\Users\MSI GV62-8RD\Desktop\GTR\GTR-LAB3\src\renderer.cpp(1231,97): warning C4244: 'argumento': conversión de 'double' a 'float'; posible pérdida de datos
C:\Users\MSI GV62-8RD\Desktop\GTR\GTR-LAB3\src\renderer.cpp(1231,47): warning C4244: 'argumento': conversión de 'double' a 'float'; posible pérdida de datos
C:\Users\MSI GV62-8RD\Desktop\GTR\GTR-LAB3\src\renderer.cpp(1298,77): warning C4244: 'argumento': conversión de 'double' a 'float'; posible pérdida de datos
C:\Users\MSI GV62-8RD\Desktop\GTR\GTR-LAB3\src\renderer.cpp(1298,43): warning C4244: 'argumento': conversión de 'double' a 'float'; posible pérdida de datos
C:\Users\MSI GV62-8RD\Desktop\GTR\GTR-LAB3\src\renderer.cpp(1317,20): warning C4018: '<': no coinciden signed/unsigned
LINK : warning LNK4098: la biblioteca predeterminada'LIBCMT' entra en conflicto con otras bibliotecas; use la biblioteca /NODEFAULTLIB:biblioteca
  Generando código
  45 of 4009 functions ( 1.1%) were compiled, the rest were copied from previous compilation.
    0 functions were new in current compilation
    53 functions had inline decision re-evaluated but remain unchanged
  Generación de código finalizada
LINK : warning LNK4286: "___glewDeleteBuffers" importa el símbolo "glew32s.lib(glew.obj)" definido en "imgui_impl_opengl3.obj"
LINK : warning LNK4286: "___glewLinkProgram" importa el símbolo "glew32s.lib(glew.obj)" definido en "imgui_impl_opengl3.obj"
LINK : warning LNK4286: "___glewDeleteShader" importa el símbolo "glew32s.lib(glew.obj)" definido en "imgui_impl_opengl3.obj"
LINK : warning LNK4286: "___glewGenBuffers" importa el símbolo "glew32s.lib(glew.obj)" definido en "imgui_impl_opengl3.obj"
LINK : warning LNK4286: "___glewGetProgramInfoLog" importa el símbolo "glew32s.lib(glew.obj)" definido en "imgui_impl_opengl3.obj"
LINK : warning LNK4286: "___glewDetachShader" importa el símbolo "glew32s.lib(glew.obj)" definido en "imgui_impl_opengl3.obj"
LINK : warning LNK4286: "___glewUniformMatrix4fv" importa el símbolo "glew32s.lib(glew.obj)" definido en "imgui_impl_opengl3.obj"
LINK : warning LNK4286: "___glewBlendEquationSeparate" importa el símbolo "glew32s.lib(glew.obj)" definido en "imgui_impl_opengl3.obj"
LINK : warning LNK4286: "___glewGenVertexArrays" importa el símbolo "glew32s.lib(glew.obj)" definido en "imgui_impl_opengl3.obj"
LINK : warning LNK4286: "___glewBlendEquation" importa el símbolo "glew32s.lib(glew.obj)" definido en "imgui_impl_opengl3.obj"
LINK : warning LNK4286: "___glewShaderSource" importa el símbolo "glew32s.lib(glew.obj)" definido en "imgui_impl_opengl3.obj"
LINK : warning LNK4286: "___glewDeleteProgram" importa el símbolo "glew32s.lib(glew.obj)" definido en "imgui_impl_opengl3.obj"
LINK : warning LNK4286: "___glewActiveTexture" importa el símbolo "glew32s.lib(glew.obj)" definido en "imgui_impl_opengl3.obj"
LINK : warning LNK4286: "___glewAttachShader" importa el símbolo "glew32s.lib(glew.obj)" definido en "imgui_impl_opengl3.obj"
LINK : warning LNK4286: "___glewBufferData" importa el símbolo "glew32s.lib(glew.obj)" definido en "imgui_impl_opengl3.obj"
LINK : warning LNK4286: "___glewGetUniformLocation" importa el símbolo "glew32s.lib(glew.obj)" definido en "imgui_impl_opengl3.obj"
LINK : warning LNK4286: "___glewBlendFuncSeparate" importa el símbolo "glew32s.lib(glew.obj)" definido en "imgui_impl_opengl3.obj"
LINK : warning LNK4286: "___glewDeleteVertexArrays" importa el símbolo "glew32s.lib(glew.obj)" definido en "imgui_impl_opengl3.obj"
LINK : warning LNK4286: "___glewGetProgramiv" importa el símbolo "glew32s.lib(glew.obj)" definido en "imgui_impl_opengl3.obj"
LINK : warning LNK4286: "___glewGetShaderInfoLog" importa el símbolo "glew32s.lib(glew.obj)" definido en "imgui_impl_opengl3.obj"
LINK : warning LNK4286: "___glewUniform1i" importa el símbolo "glew32s.lib(glew.obj)" definido en "imgui_impl_opengl3.obj"
LINK : warning LNK4286: "___glewCreateProgram" importa el símbolo "glew32s.lib(glew.obj)" definido en "imgui_impl_opengl3.obj"
LINK : warning LNK4286: "___glewBindBuffer" importa el símbolo "glew32s.lib(glew.obj)" definido en "imgui_impl_opengl3.obj"
LINK : warning LNK4286: "___glewCreateShader" importa el símbolo "glew32s.lib(glew.obj)" definido en "imgui_impl_opengl3.obj"
LINK : warning LNK4286: "___glewGetAttribLocation" importa el símbolo "glew32s.lib(glew.obj)" definido en "imgui_impl_opengl3.obj"
LINK : warning LNK4286: "___glewCompileShader" importa el símbolo "glew32s.lib(glew.obj)" definido en "imgui_impl_opengl3.obj"
LINK : warning LNK4286: "___glewGetShaderiv" importa el símbolo "glew32s.lib(glew.obj)" definido en "imgui_impl_opengl3.obj"
LINK : warning LNK4286: "___glewDrawElementsBaseVertex" importa el símbolo "glew32s.lib(glew.obj)" definido en "imgui_impl_opengl3.obj"
LINK : warning LNK4286: "___glewVertexAttribPointer" importa el símbolo "glew32s.lib(glew.obj)" definido en "imgui_impl_opengl3.obj"
LINK : warning LNK4286: "___glewUseProgram" importa el símbolo "glew32s.lib(glew.obj)" definido en "imgui_impl_opengl3.obj"
LINK : warning LNK4286: "___glewBindSampler" importa el símbolo "glew32s.lib(glew.obj)" definido en "imgui_impl_opengl3.obj"
LINK : warning LNK4286: "___glewBindVertexArray" importa el símbolo "glew32s.lib(glew.obj)" definido en "imgui_impl_opengl3.obj"
LINK : warning LNK4286: "___glewEnableVertexAttribArray" importa el símbolo "glew32s.lib(glew.obj)" definido en "imgui_impl_opengl3.obj"
glew32s.lib(glew.obj) : warning LNK4099: no se encontró PDB 'vc120.pdb' con 'glew32s.lib(glew.obj)' o en 'C:\Users\MSI GV62-8RD\Desktop\GTR\GTR-LAB3\vc120.pdb'; se vinculará el objeto sin tener en cuenta información de depuración
  visualstudio.vcxproj -> C:\Users\MSI GV62-8RD\Desktop\GTR\GTR-LAB3\visualstudio\VS2015\..\..\framework.exe
