c:\users\msi gv62-8rd\desktop\gtr_framework-master\visualstudio\vs2015\debug\vc142.pdb
c:\users\msi gv62-8rd\desktop\gtr_framework-master\visualstudio\vs2015\debug\vc142.idb
c:\users\msi gv62-8rd\desktop\gtr_framework-master\visualstudio\vs2015\debug\tritri.obj
c:\users\msi gv62-8rd\desktop\gtr_framework-master\visualstudio\vs2015\debug\coldet.obj
c:\users\msi gv62-8rd\desktop\gtr_framework-master\visualstudio\vs2015\debug\gltf_loader.obj
c:\users\msi gv62-8rd\desktop\gtr_framework-master\visualstudio\vs2015\debug\camera.obj
c:\users\msi gv62-8rd\desktop\gtr_framework-master\visualstudio\vs2015\debug\shader.obj
c:\users\msi gv62-8rd\desktop\gtr_framework-master\visualstudio\vs2015\debug\sysdep.obj
c:\users\msi gv62-8rd\desktop\gtr_framework-master\visualstudio\vs2015\debug\imguizmo.obj
c:\users\msi gv62-8rd\desktop\gtr_framework-master\visualstudio\vs2015\debug\fbo.obj
c:\users\msi gv62-8rd\desktop\gtr_framework-master\visualstudio\vs2015\debug\box_bld.obj
c:\users\msi gv62-8rd\desktop\gtr_framework-master\visualstudio\vs2015\debug\picopng.obj
c:\users\msi gv62-8rd\desktop\gtr_framework-master\visualstudio\vs2015\debug\renderer.obj
c:\users\msi gv62-8rd\desktop\gtr_framework-master\visualstudio\vs2015\debug\imcurveedit.obj
c:\users\msi gv62-8rd\desktop\gtr_framework-master\visualstudio\vs2015\debug\imgui_impl_sdl.obj
c:\users\msi gv62-8rd\desktop\gtr_framework-master\visualstudio\vs2015\debug\scene.obj
c:\users\msi gv62-8rd\desktop\gtr_framework-master\visualstudio\vs2015\debug\imgui.obj
c:\users\msi gv62-8rd\desktop\gtr_framework-master\visualstudio\vs2015\debug\main.obj
c:\users\msi gv62-8rd\desktop\gtr_framework-master\visualstudio\vs2015\debug\box.obj
c:\users\msi gv62-8rd\desktop\gtr_framework-master\visualstudio\vs2015\debug\imsequencer.obj
c:\users\msi gv62-8rd\desktop\gtr_framework-master\visualstudio\vs2015\debug\material.obj
c:\users\msi gv62-8rd\desktop\gtr_framework-master\visualstudio\vs2015\debug\hdre.obj
c:\users\msi gv62-8rd\desktop\gtr_framework-master\visualstudio\vs2015\debug\application.obj
c:\users\msi gv62-8rd\desktop\gtr_framework-master\visualstudio\vs2015\debug\math3d.obj
c:\users\msi gv62-8rd\desktop\gtr_framework-master\visualstudio\vs2015\debug\imgui_impl_opengl3.obj
c:\users\msi gv62-8rd\desktop\gtr_framework-master\visualstudio\vs2015\debug\textparser.obj
c:\users\msi gv62-8rd\desktop\gtr_framework-master\visualstudio\vs2015\debug\prefab.obj
c:\users\msi gv62-8rd\desktop\gtr_framework-master\visualstudio\vs2015\debug\imgradient.obj
c:\users\msi gv62-8rd\desktop\gtr_framework-master\visualstudio\vs2015\debug\imgui_demo.obj
c:\users\msi gv62-8rd\desktop\gtr_framework-master\visualstudio\vs2015\debug\input.obj
c:\users\msi gv62-8rd\desktop\gtr_framework-master\visualstudio\vs2015\debug\utils.obj
c:\users\msi gv62-8rd\desktop\gtr_framework-master\visualstudio\vs2015\debug\coldet_bld.obj
c:\users\msi gv62-8rd\desktop\gtr_framework-master\visualstudio\vs2015\debug\framework.obj
c:\users\msi gv62-8rd\desktop\gtr_framework-master\visualstudio\vs2015\debug\texture.obj
c:\users\msi gv62-8rd\desktop\gtr_framework-master\visualstudio\vs2015\debug\mytritri.obj
c:\users\msi gv62-8rd\desktop\gtr_framework-master\visualstudio\vs2015\debug\imgui_widgets.obj
c:\users\msi gv62-8rd\desktop\gtr_framework-master\visualstudio\vs2015\debug\mesh.obj
c:\users\msi gv62-8rd\desktop\gtr_framework-master\visualstudio\vs2015\debug\imgui_draw.obj
c:\users\msi gv62-8rd\desktop\gtr_framework-master\visualstudio\vs2015\debug\framework.tlog\cl.command.1.tlog
c:\users\msi gv62-8rd\desktop\gtr_framework-master\visualstudio\vs2015\debug\framework.tlog\cl.read.1.tlog
c:\users\msi gv62-8rd\desktop\gtr_framework-master\visualstudio\vs2015\debug\framework.tlog\cl.write.1.tlog
c:\users\msi gv62-8rd\desktop\gtr_framework-master\visualstudio\vs2015\debug\framework.tlog\link-cvtres.read.1.tlog
c:\users\msi gv62-8rd\desktop\gtr_framework-master\visualstudio\vs2015\debug\framework.tlog\link-cvtres.write.1.tlog
c:\users\msi gv62-8rd\desktop\gtr_framework-master\visualstudio\vs2015\debug\framework.tlog\link-rc.read.1.tlog
c:\users\msi gv62-8rd\desktop\gtr_framework-master\visualstudio\vs2015\debug\framework.tlog\link-rc.write.1.tlog
c:\users\msi gv62-8rd\desktop\gtr_framework-master\visualstudio\vs2015\debug\framework.tlog\link.command.1.tlog
c:\users\msi gv62-8rd\desktop\gtr_framework-master\visualstudio\vs2015\debug\framework.tlog\link.read.1.tlog
c:\users\msi gv62-8rd\desktop\gtr_framework-master\visualstudio\vs2015\debug\framework.tlog\link.write.1.tlog
