  renderer.cpp
C:\Users\MSI GV62-8RD\Desktop\GTR_Framework-master\src\renderer.cpp(82,23): warning C4244: 'argumento': conversión de 'int' a 'float'; posible pérdida de datos
C:\Users\MSI GV62-8RD\Desktop\GTR_Framework-master\src\renderer.cpp(82,20): warning C4244: 'argumento': conversión de 'int' a 'float'; posible pérdida de datos
C:\Users\MSI GV62-8RD\Desktop\GTR_Framework-master\src\renderer.cpp(82,17): warning C4244: 'argumento': conversión de 'int' a 'float'; posible pérdida de datos
C:\Users\MSI GV62-8RD\Desktop\GTR_Framework-master\src\renderer.cpp(85,29): warning C4244: '=': conversión de 'float' a 'int'; posible pérdida de datos
C:\Users\MSI GV62-8RD\Desktop\GTR_Framework-master\src\renderer.cpp(88,47): warning C4244: 'argumento': conversión de 'int' a 'float'; posible pérdida de datos
C:\Users\MSI GV62-8RD\Desktop\GTR_Framework-master\src\renderer.cpp(88,44): warning C4244: 'argumento': conversión de 'int' a 'float'; posible pérdida de datos
C:\Users\MSI GV62-8RD\Desktop\GTR_Framework-master\src\renderer.cpp(88,41): warning C4244: 'argumento': conversión de 'int' a 'float'; posible pérdida de datos
C:\Users\MSI GV62-8RD\Desktop\GTR_Framework-master\src\renderer.cpp(99,37): warning C4305: 'argumento': truncamiento de 'double' a 'float'
C:\Users\MSI GV62-8RD\Desktop\GTR_Framework-master\src\renderer.cpp(103,22): warning C4018: '<': no coinciden signed/unsigned
C:\Users\MSI GV62-8RD\Desktop\GTR_Framework-master\src\renderer.cpp(151,49): warning C4244: 'inicializando': conversión de 'float' a 'unsigned int'; posible pérdida de datos
C:\Users\MSI GV62-8RD\Desktop\GTR_Framework-master\src\renderer.cpp(154,20): warning C4018: '<': no coinciden signed/unsigned
C:\Users\MSI GV62-8RD\Desktop\GTR_Framework-master\src\renderer.cpp(156,13): warning C4244: 'inicializando': conversión de 'float' a 'int'; posible pérdida de datos
C:\Users\MSI GV62-8RD\Desktop\GTR_Framework-master\src\renderer.cpp(175,12): warning C4996: 'fopen': This function or variable may be unsafe. Consider using fopen_s instead. To disable deprecation, use _CRT_SECURE_NO_WARNINGS. See online help for details.
C:\Users\MSI GV62-8RD\Desktop\GTR_Framework-master\src\renderer.cpp(214,36): warning C4244: '=': conversión de 'float' a 'int'; posible pérdida de datos
C:\Users\MSI GV62-8RD\Desktop\GTR_Framework-master\src\renderer.cpp(217,12): warning C4996: 'fopen': This function or variable may be unsafe. Consider using fopen_s instead. To disable deprecation, use _CRT_SECURE_NO_WARNINGS. See online help for details.
C:\Users\MSI GV62-8RD\Desktop\GTR_Framework-master\src\renderer.cpp(244,92): warning C4244: 'argumento': conversión de 'double' a 'float'; posible pérdida de datos
C:\Users\MSI GV62-8RD\Desktop\GTR_Framework-master\src\renderer.cpp(244,43): warning C4244: 'argumento': conversión de 'double' a 'float'; posible pérdida de datos
C:\Users\MSI GV62-8RD\Desktop\GTR_Framework-master\src\renderer.cpp(260,15): warning C4244: 'inicializando': conversión de 'double' a 'float'; posible pérdida de datos
C:\Users\MSI GV62-8RD\Desktop\GTR_Framework-master\src\renderer.cpp(261,13): warning C4244: 'inicializando': conversión de 'double' a 'float'; posible pérdida de datos
C:\Users\MSI GV62-8RD\Desktop\GTR_Framework-master\src\renderer.cpp(262,11): warning C4244: 'inicializando': conversión de 'double' a 'float'; posible pérdida de datos
C:\Users\MSI GV62-8RD\Desktop\GTR_Framework-master\src\renderer.cpp(314,92): warning C4244: 'argumento': conversión de 'double' a 'float'; posible pérdida de datos
C:\Users\MSI GV62-8RD\Desktop\GTR_Framework-master\src\renderer.cpp(314,43): warning C4244: 'argumento': conversión de 'double' a 'float'; posible pérdida de datos
C:\Users\MSI GV62-8RD\Desktop\GTR_Framework-master\src\renderer.cpp(330,99): warning C4244: 'argumento': conversión de 'double' a 'float'; posible pérdida de datos
C:\Users\MSI GV62-8RD\Desktop\GTR_Framework-master\src\renderer.cpp(330,50): warning C4244: 'argumento': conversión de 'double' a 'float'; posible pérdida de datos
C:\Users\MSI GV62-8RD\Desktop\GTR_Framework-master\src\renderer.cpp(353,33): warning C4305: 'argumento': truncamiento de 'double' a 'GLclampf'
C:\Users\MSI GV62-8RD\Desktop\GTR_Framework-master\src\renderer.cpp(499,20): warning C4018: '<': no coinciden signed/unsigned
C:\Users\MSI GV62-8RD\Desktop\GTR_Framework-master\src\renderer.cpp(509,20): warning C4018: '<': no coinciden signed/unsigned
C:\Users\MSI GV62-8RD\Desktop\GTR_Framework-master\src\renderer.cpp(515,31): warning C4305: 'inicializando': truncamiento de 'double' a 'float'
C:\Users\MSI GV62-8RD\Desktop\GTR_Framework-master\src\renderer.cpp(516,52): warning C4244: 'argumento': conversión de 'int' a 'float'; posible pérdida de datos
C:\Users\MSI GV62-8RD\Desktop\GTR_Framework-master\src\renderer.cpp(573,20): warning C4018: '<': no coinciden signed/unsigned
C:\Users\MSI GV62-8RD\Desktop\GTR_Framework-master\src\renderer.cpp(641,20): warning C4018: '<': no coinciden signed/unsigned
C:\Users\MSI GV62-8RD\Desktop\GTR_Framework-master\src\renderer.cpp(670,20): warning C4018: '<': no coinciden signed/unsigned
C:\Users\MSI GV62-8RD\Desktop\GTR_Framework-master\src\renderer.cpp(812,20): warning C4018: '<': no coinciden signed/unsigned
C:\Users\MSI GV62-8RD\Desktop\GTR_Framework-master\src\renderer.cpp(903,77): warning C4244: 'argumento': conversión de 'double' a 'float'; posible pérdida de datos
C:\Users\MSI GV62-8RD\Desktop\GTR_Framework-master\src\renderer.cpp(903,43): warning C4244: 'argumento': conversión de 'double' a 'float'; posible pérdida de datos
C:\Users\MSI GV62-8RD\Desktop\GTR_Framework-master\src\renderer.cpp(911,20): warning C4018: '<': no coinciden signed/unsigned
C:\Users\MSI GV62-8RD\Desktop\GTR_Framework-master\src\renderer.cpp(1029,20): warning C4018: '<': no coinciden signed/unsigned
C:\Users\MSI GV62-8RD\Desktop\GTR_Framework-master\src\renderer.cpp(1062,20): warning C4018: '<': no coinciden signed/unsigned
C:\Users\MSI GV62-8RD\Desktop\GTR_Framework-master\src\renderer.cpp(1115,97): warning C4244: 'argumento': conversión de 'double' a 'float'; posible pérdida de datos
C:\Users\MSI GV62-8RD\Desktop\GTR_Framework-master\src\renderer.cpp(1115,47): warning C4244: 'argumento': conversión de 'double' a 'float'; posible pérdida de datos
C:\Users\MSI GV62-8RD\Desktop\GTR_Framework-master\src\renderer.cpp(1182,77): warning C4244: 'argumento': conversión de 'double' a 'float'; posible pérdida de datos
C:\Users\MSI GV62-8RD\Desktop\GTR_Framework-master\src\renderer.cpp(1182,43): warning C4244: 'argumento': conversión de 'double' a 'float'; posible pérdida de datos
C:\Users\MSI GV62-8RD\Desktop\GTR_Framework-master\src\renderer.cpp(1201,20): warning C4018: '<': no coinciden signed/unsigned
camera.obj : warning LNK4075: se omite '/EDITANDCONTINUE' debido a la especificación '/INCREMENTAL:NO'
LINK : warning LNK4098: la biblioteca predeterminada'LIBCMT' entra en conflicto con otras bibliotecas; use la biblioteca /NODEFAULTLIB:biblioteca
LINK : warning LNK4286: "___glewActiveTexture" importa el símbolo "glew32s.lib(glew.obj)" definido en "imgui_impl_opengl3.obj"
LINK : warning LNK4286: "___glewBlendEquation" importa el símbolo "glew32s.lib(glew.obj)" definido en "imgui_impl_opengl3.obj"
LINK : warning LNK4286: "___glewBlendFuncSeparate" importa el símbolo "glew32s.lib(glew.obj)" definido en "imgui_impl_opengl3.obj"
LINK : warning LNK4286: "___glewBindBuffer" importa el símbolo "glew32s.lib(glew.obj)" definido en "imgui_impl_opengl3.obj"
LINK : warning LNK4286: "___glewBufferData" importa el símbolo "glew32s.lib(glew.obj)" definido en "imgui_impl_opengl3.obj"
LINK : warning LNK4286: "___glewDeleteBuffers" importa el símbolo "glew32s.lib(glew.obj)" definido en "imgui_impl_opengl3.obj"
LINK : warning LNK4286: "___glewGenBuffers" importa el símbolo "glew32s.lib(glew.obj)" definido en "imgui_impl_opengl3.obj"
LINK : warning LNK4286: "___glewAttachShader" importa el símbolo "glew32s.lib(glew.obj)" definido en "imgui_impl_opengl3.obj"
LINK : warning LNK4286: "___glewBlendEquationSeparate" importa el símbolo "glew32s.lib(glew.obj)" definido en "imgui_impl_opengl3.obj"
LINK : warning LNK4286: "___glewCompileShader" importa el símbolo "glew32s.lib(glew.obj)" definido en "imgui_impl_opengl3.obj"
LINK : warning LNK4286: "___glewCreateProgram" importa el símbolo "glew32s.lib(glew.obj)" definido en "imgui_impl_opengl3.obj"
LINK : warning LNK4286: "___glewCreateShader" importa el símbolo "glew32s.lib(glew.obj)" definido en "imgui_impl_opengl3.obj"
LINK : warning LNK4286: "___glewDeleteProgram" importa el símbolo "glew32s.lib(glew.obj)" definido en "imgui_impl_opengl3.obj"
LINK : warning LNK4286: "___glewDeleteShader" importa el símbolo "glew32s.lib(glew.obj)" definido en "imgui_impl_opengl3.obj"
LINK : warning LNK4286: "___glewDetachShader" importa el símbolo "glew32s.lib(glew.obj)" definido en "imgui_impl_opengl3.obj"
LINK : warning LNK4286: "___glewEnableVertexAttribArray" importa el símbolo "glew32s.lib(glew.obj)" definido en "imgui_impl_opengl3.obj"
LINK : warning LNK4286: "___glewGetAttribLocation" importa el símbolo "glew32s.lib(glew.obj)" definido en "imgui_impl_opengl3.obj"
LINK : warning LNK4286: "___glewGetProgramInfoLog" importa el símbolo "glew32s.lib(glew.obj)" definido en "imgui_impl_opengl3.obj"
LINK : warning LNK4286: "___glewGetProgramiv" importa el símbolo "glew32s.lib(glew.obj)" definido en "imgui_impl_opengl3.obj"
LINK : warning LNK4286: "___glewGetShaderInfoLog" importa el símbolo "glew32s.lib(glew.obj)" definido en "imgui_impl_opengl3.obj"
LINK : warning LNK4286: "___glewGetShaderiv" importa el símbolo "glew32s.lib(glew.obj)" definido en "imgui_impl_opengl3.obj"
LINK : warning LNK4286: "___glewGetUniformLocation" importa el símbolo "glew32s.lib(glew.obj)" definido en "imgui_impl_opengl3.obj"
LINK : warning LNK4286: "___glewLinkProgram" importa el símbolo "glew32s.lib(glew.obj)" definido en "imgui_impl_opengl3.obj"
LINK : warning LNK4286: "___glewShaderSource" importa el símbolo "glew32s.lib(glew.obj)" definido en "imgui_impl_opengl3.obj"
LINK : warning LNK4286: "___glewUniform1i" importa el símbolo "glew32s.lib(glew.obj)" definido en "imgui_impl_opengl3.obj"
LINK : warning LNK4286: "___glewUniformMatrix4fv" importa el símbolo "glew32s.lib(glew.obj)" definido en "imgui_impl_opengl3.obj"
LINK : warning LNK4286: "___glewUseProgram" importa el símbolo "glew32s.lib(glew.obj)" definido en "imgui_impl_opengl3.obj"
LINK : warning LNK4286: "___glewVertexAttribPointer" importa el símbolo "glew32s.lib(glew.obj)" definido en "imgui_impl_opengl3.obj"
LINK : warning LNK4286: "___glewDrawElementsBaseVertex" importa el símbolo "glew32s.lib(glew.obj)" definido en "imgui_impl_opengl3.obj"
LINK : warning LNK4286: "___glewBindSampler" importa el símbolo "glew32s.lib(glew.obj)" definido en "imgui_impl_opengl3.obj"
LINK : warning LNK4286: "___glewBindVertexArray" importa el símbolo "glew32s.lib(glew.obj)" definido en "imgui_impl_opengl3.obj"
LINK : warning LNK4286: "___glewDeleteVertexArrays" importa el símbolo "glew32s.lib(glew.obj)" definido en "imgui_impl_opengl3.obj"
LINK : warning LNK4286: "___glewGenVertexArrays" importa el símbolo "glew32s.lib(glew.obj)" definido en "imgui_impl_opengl3.obj"
glew32s.lib(glew.obj) : warning LNK4099: no se encontró PDB 'vc120.pdb' con 'glew32s.lib(glew.obj)' o en 'C:\Users\MSI GV62-8RD\Desktop\GTR_Framework-master\vc120.pdb'; se vinculará el objeto sin tener en cuenta información de depuración
  visualstudio.vcxproj -> C:\Users\MSI GV62-8RD\Desktop\GTR_Framework-master\visualstudio\VS2015\..\..\framework_debug.exe
